Build started 7/8/2013 5:21:45 PM.
     1>Project "C:\Users\darkgt\Documents\GitHub\topk-inf\topk-inf\topk-inf.vcxproj" on node 2 (build target(s)).
     1>InitializeBuildStatus:
         Creating "Release\topk-inf.unsuccessfulbuild" because "AlwaysCreate" was specified.
       ClCompile:
         c:\Program Files\Microsoft Visual Studio 10.0\VC\bin\CL.exe /c /I"C:\Users\darkgt\Desktop\topk-inf\Spatialindex\include\spatialindex" /Zi /nologo /W3 /WX- /O2 /Oi /Oy- /GL /D _MBCS /Gm- /EHsc /MD /GS /Gy /fp:precise /Zc:wchar_t /Zc:forScope /Fo"Release\\" /Fd"Release\vc100.pdb" /Gd /TP /analyze- /errorReport:prompt main.cpp
         main.cpp
     1>c:\users\darkgt\documents\github\topk-inf\topk-inf\Propagation.h(181): warning C4996: 'fopen': This function or variable may be unsafe. Consider using fopen_s instead. To disable deprecation, use _CRT_SECURE_NO_WARNINGS. See online help for details.
                 c:\Program Files\Microsoft Visual Studio 10.0\VC\include\stdio.h(234) : see declaration of 'fopen'
     1>c:\users\darkgt\documents\github\topk-inf\topk-inf\Propagation.h(205): warning C4996: 'fopen': This function or variable may be unsafe. Consider using fopen_s instead. To disable deprecation, use _CRT_SECURE_NO_WARNINGS. See online help for details.
                 c:\Program Files\Microsoft Visual Studio 10.0\VC\include\stdio.h(234) : see declaration of 'fopen'
     1>c:\users\darkgt\documents\github\topk-inf\topk-inf\Propagation.h(209): warning C4996: 'fscanf': This function or variable may be unsafe. Consider using fscanf_s instead. To disable deprecation, use _CRT_SECURE_NO_WARNINGS. See online help for details.
                 c:\Program Files\Microsoft Visual Studio 10.0\VC\include\stdio.h(253) : see declaration of 'fscanf'
       Link:
         c:\Program Files\Microsoft Visual Studio 10.0\VC\bin\link.exe /ERRORREPORT:PROMPT /OUT:"C:\Users\darkgt\Documents\GitHub\topk-inf\Release\topk-inf.exe" /NOLOGO /LIBPATH:"C:\Users\darkgt\Desktop\topk-inf\Spatialindex" "spatialindex-vc.lib" kernel32.lib user32.lib gdi32.lib winspool.lib comdlg32.lib advapi32.lib shell32.lib ole32.lib oleaut32.lib uuid.lib odbc32.lib odbccp32.lib kernel32.lib user32.lib gdi32.lib winspool.lib comdlg32.lib advapi32.lib shell32.lib ole32.lib oleaut32.lib uuid.lib odbc32.lib odbccp32.lib /MANIFEST /ManifestFile:"Release\topk-inf.exe.intermediate.manifest" /MANIFESTUAC:"level='asInvoker' uiAccess='false'" /DEBUG /PDB:"C:\Users\darkgt\Documents\GitHub\topk-inf\Release\topk-inf.pdb" /OPT:REF /OPT:ICF /LTCG /TLBID:1 /DYNAMICBASE /NXCOMPAT /IMPLIB:"C:\Users\darkgt\Documents\GitHub\topk-inf\Release\topk-inf.lib" /MACHINE:X86 Release\main.obj
         Generating code
         Finished generating code
         topk-inf.vcxproj -> C:\Users\darkgt\Documents\GitHub\topk-inf\Release\topk-inf.exe
       Manifest:
         C:\Program Files\Microsoft SDKs\Windows\v7.0A\bin\mt.exe /nologo /verbose /outputresource:"C:\Users\darkgt\Documents\GitHub\topk-inf\Release\topk-inf.exe;#1" /manifest "Release\topk-inf.exe.intermediate.manifest"
       FinalizeBuildStatus:
         Deleting file "Release\topk-inf.unsuccessfulbuild".
         Touching "Release\topk-inf.lastbuildstate".
     1>Done Building Project "C:\Users\darkgt\Documents\GitHub\topk-inf\topk-inf\topk-inf.vcxproj" (build target(s)).

Build succeeded.

Time Elapsed 00:00:06.43
