C:\USERS\DARKGT\DESKTOP\TOPK-INF\SPATIALINDEX\SPATIALINDEX.DLL
C:\Users\darkgt\Desktop\topk-inf\Spatialindex\spatialindex-vc.exp
C:\Users\darkgt\Desktop\topk-inf\Spatialindex\spatialindex-vc.lib
C:\USERS\DARKGT\DESKTOP\TOPK-INF\SPATIALINDEX\SPATIALINDEX-VC\RELEASE\BUFFER.OBJ
C:\USERS\DARKGT\DESKTOP\TOPK-INF\SPATIALINDEX\SPATIALINDEX-VC\RELEASE\BULKLOADER.OBJ
C:\Users\darkgt\Desktop\topk-inf\Spatialindex\spatialindex-vc\Release\cl.command.1.tlog
C:\Users\darkgt\Desktop\topk-inf\Spatialindex\spatialindex-vc\Release\CL.read.1.tlog
C:\Users\darkgt\Desktop\topk-inf\Spatialindex\spatialindex-vc\Release\CL.write.1.tlog
C:\USERS\DARKGT\DESKTOP\TOPK-INF\SPATIALINDEX\SPATIALINDEX-VC\RELEASE\DISKSTORAGEMANAGER.OBJ
C:\USERS\DARKGT\DESKTOP\TOPK-INF\SPATIALINDEX\SPATIALINDEX-VC\RELEASE\INDEX.OBJ
C:\USERS\DARKGT\DESKTOP\TOPK-INF\SPATIALINDEX\SPATIALINDEX-VC\RELEASE\INDEX1.OBJ
C:\USERS\DARKGT\DESKTOP\TOPK-INF\SPATIALINDEX\SPATIALINDEX-VC\RELEASE\INDEX2.OBJ
C:\USERS\DARKGT\DESKTOP\TOPK-INF\SPATIALINDEX\SPATIALINDEX-VC\RELEASE\LEAF.OBJ
C:\USERS\DARKGT\DESKTOP\TOPK-INF\SPATIALINDEX\SPATIALINDEX-VC\RELEASE\LEAF1.OBJ
C:\USERS\DARKGT\DESKTOP\TOPK-INF\SPATIALINDEX\SPATIALINDEX-VC\RELEASE\LEAF2.OBJ
C:\USERS\DARKGT\DESKTOP\TOPK-INF\SPATIALINDEX\SPATIALINDEX-VC\RELEASE\LINESEGMENT.OBJ
C:\Users\darkgt\Desktop\topk-inf\Spatialindex\spatialindex-vc\Release\link.command.1.tlog
C:\Users\darkgt\Desktop\topk-inf\Spatialindex\spatialindex-vc\Release\link.read.1.tlog
C:\Users\darkgt\Desktop\topk-inf\Spatialindex\spatialindex-vc\Release\link.write.1.tlog
C:\USERS\DARKGT\DESKTOP\TOPK-INF\SPATIALINDEX\SPATIALINDEX-VC\RELEASE\MEMORYSTORAGEMANAGER.OBJ
C:\USERS\DARKGT\DESKTOP\TOPK-INF\SPATIALINDEX\SPATIALINDEX-VC\RELEASE\MOVINGPOINT.OBJ
C:\USERS\DARKGT\DESKTOP\TOPK-INF\SPATIALINDEX\SPATIALINDEX-VC\RELEASE\MOVINGREGION.OBJ
C:\Users\darkgt\Desktop\topk-inf\Spatialindex\spatialindex-vc\Release\mt.command.1.tlog
C:\Users\darkgt\Desktop\topk-inf\Spatialindex\spatialindex-vc\Release\mt.read.1.tlog
C:\Users\darkgt\Desktop\topk-inf\Spatialindex\spatialindex-vc\Release\mt.write.1.tlog
C:\USERS\DARKGT\DESKTOP\TOPK-INF\SPATIALINDEX\SPATIALINDEX-VC\RELEASE\MVRTREE.OBJ
C:\USERS\DARKGT\DESKTOP\TOPK-INF\SPATIALINDEX\SPATIALINDEX-VC\RELEASE\NODE.OBJ
C:\USERS\DARKGT\DESKTOP\TOPK-INF\SPATIALINDEX\SPATIALINDEX-VC\RELEASE\NODE1.OBJ
C:\USERS\DARKGT\DESKTOP\TOPK-INF\SPATIALINDEX\SPATIALINDEX-VC\RELEASE\NODE2.OBJ
C:\USERS\DARKGT\DESKTOP\TOPK-INF\SPATIALINDEX\SPATIALINDEX-VC\RELEASE\POINT.OBJ
C:\USERS\DARKGT\DESKTOP\TOPK-INF\SPATIALINDEX\SPATIALINDEX-VC\RELEASE\RAND48.OBJ
C:\USERS\DARKGT\DESKTOP\TOPK-INF\SPATIALINDEX\SPATIALINDEX-VC\RELEASE\RANDOMEVICTIONSBUFFER.OBJ
C:\USERS\DARKGT\DESKTOP\TOPK-INF\SPATIALINDEX\SPATIALINDEX-VC\RELEASE\REGION.OBJ
C:\USERS\DARKGT\DESKTOP\TOPK-INF\SPATIALINDEX\SPATIALINDEX-VC\RELEASE\RTREE.OBJ
C:\USERS\DARKGT\DESKTOP\TOPK-INF\SPATIALINDEX\SPATIALINDEX-VC\RELEASE\SPATIALINDEXIMPL.OBJ
C:\USERS\DARKGT\DESKTOP\TOPK-INF\SPATIALINDEX\SPATIALINDEX-VC\RELEASE\SPATIALINDEX-VC.DLL.INTERMEDIATE.MANIFEST
C:\Users\darkgt\Desktop\topk-inf\Spatialindex\spatialindex-vc\Release\spatialindex-vc.write.1.tlog
C:\USERS\DARKGT\DESKTOP\TOPK-INF\SPATIALINDEX\SPATIALINDEX-VC\RELEASE\STATISTICS.OBJ
C:\USERS\DARKGT\DESKTOP\TOPK-INF\SPATIALINDEX\SPATIALINDEX-VC\RELEASE\STATISTICS1.OBJ
C:\USERS\DARKGT\DESKTOP\TOPK-INF\SPATIALINDEX\SPATIALINDEX-VC\RELEASE\STATISTICS2.OBJ
C:\USERS\DARKGT\DESKTOP\TOPK-INF\SPATIALINDEX\SPATIALINDEX-VC\RELEASE\TIMEPOINT.OBJ
C:\USERS\DARKGT\DESKTOP\TOPK-INF\SPATIALINDEX\SPATIALINDEX-VC\RELEASE\TIMEREGION.OBJ
C:\USERS\DARKGT\DESKTOP\TOPK-INF\SPATIALINDEX\SPATIALINDEX-VC\RELEASE\TOOLS.OBJ
C:\USERS\DARKGT\DESKTOP\TOPK-INF\SPATIALINDEX\SPATIALINDEX-VC\RELEASE\TPRTREE.OBJ
C:\USERS\DARKGT\DESKTOP\TOPK-INF\SPATIALINDEX\SPATIALINDEX-VC\RELEASE\VC100.PDB
